[Message:   BepInEx] BepInEx 5.4.21.0 - Risk of Rain 2 (5/26/2022 10:01:24 PM)
[Info   :   BepInEx] Running under Unity v2019.4.26.14694700
[Info   :   BepInEx] CLR runtime version: 4.0.30319.17020
[Info   :   BepInEx] Supports SRE: False
[Info   :   BepInEx] System platform: Bits64, Windows
[Message:   BepInEx] Preloader started
[Info   :   BepInEx] Loaded 1 patcher method from [BepInEx.Preloader 5.4.21.0]
[Info   :   BepInEx] Loaded 1 patcher method from [BepInEx.GUI.Loader 1.0.0.0]
[Info   :   BepInEx] Loaded 1 patcher method from [FixPluginTypesSerialization 1.0.0.0]
[Info   :   BepInEx] Loaded 1 patcher method from [BepInEx.MonoMod.HookGenPatcher 1.2.1.0]
[Info   :   BepInEx] 4 patcher plugins loaded
[Info   :BepInEx.GUI.Loader] Finding and launching GUI
[Info   :BepInEx.GUI.Loader] Found bepinex_gui v3 executable in D:\Games\ror2-mods\BepInEx\patchers\RiskofThunder-BepInEx_GUI\BepInEx.GUI\bepinex_gui.exe
[Info   :BepInEx.GUI.Loader] [SendLogToClient] Accepting Socket.
[Info   :HookGenPatcher] Previous MMHOOK location found. Using that location to save instead.
[Info   :HookGenPatcher] Already ran for this version, reusing that file.
[Message:FixPluginTypesSerialization] Using the config cache
[Info   :FixPluginTypesSerialization] Running under Unity v2019.4.26
[Debug  :FixPluginTypesSerialization] Unity version obtained from main application module.
[Info   :   BepInEx] Patching [RoR2] with [BepInEx.Chainloader]
[Message:   BepInEx] Preloader finished
[Message:   BepInEx] Chainloader ready
[Message:   BepInEx] Chainloader started
[Info   :   BepInEx] 34 plugins to load
[Info   :   BepInEx] TS Manifest: RiskofThunder-RoR2BepInExPack-1.10.0
[Info   :   BepInEx] Loading [RoR2BepInExPack 1.10.0]
[Debug  :RoR2BepInExPack] Hook added by assembly: RoR2BepInExPack.dll for: System.Diagnostics.StackTrace.AddFrames
[Debug  :RoR2BepInExPack] Hook added by assembly:  for: System.Diagnostics.StackTrace.AddFrames
[Debug  :RoR2BepInExPack] Hook added by assembly: RoR2BepInExPack.dll for: System.Reflection.Assembly.GetTypes
[Debug  :RoR2BepInExPack] Hook added by assembly: RoR2BepInExPack.dll for: RoR2.AchievementManager.CollectAchievementDefs
[Debug  :RoR2BepInExPack] Hook added by assembly: RoR2BepInExPack.dll for: HG.Reflection.SearchableAttribute.ScanAllAssemblies
[Debug  :RoR2BepInExPack] Hook added by assembly: RoR2BepInExPack.dll for: RoR2.RoR2Application.OnLoad
[Debug  :RoR2BepInExPack] Hook added by assembly: RoR2BepInExPack.dll for: ResourceAvailability.MakeAvailable
[Debug  :RoR2BepInExPack] Hook added by assembly: RoR2BepInExPack.dll for: RoR2.UnitySystemConsoleRedirector.Redirect
[Debug  :RoR2BepInExPack] Hook added by assembly: RoR2BepInExPack.dll for: RoR2.Console.InitConVars
[Debug  :RoR2BepInExPack] Hook added by assembly:  for: RoR2.Console.InitConVars
[Debug  :RoR2BepInExPack] Hook added by assembly: RoR2BepInExPack.dll for: EntityStates.GenericCharacterDeath.PlayDeathAnimation
[Debug  :RoR2BepInExPack] Hook added by assembly:  for: EntityStates.GenericCharacterDeath.PlayDeathAnimation
[Debug  :RoR2BepInExPack] Hook added by assembly: RoR2BepInExPack.dll for: DynamicBone.ApplyParticlesToTransforms
[Debug  :RoR2BepInExPack] Hook added by assembly:  for: DynamicBone.ApplyParticlesToTransforms
[Debug  :RoR2BepInExPack] Hook added by assembly: RoR2BepInExPack.dll for: RoR2.UI.MainMenu.MainMenuController.Start
[Debug  :RoR2BepInExPack] Hook added by assembly: RoR2BepInExPack.dll for: RoR2.ProjectileCatalog.SetProjectilePrefabs
[Debug  :RoR2BepInExPack] Hook added by assembly:  for: RoR2.ProjectileCatalog.SetProjectilePrefabs
[Debug  :RoR2BepInExPack] Hook added by assembly: RoR2BepInExPack.dll for: RoR2.EntitlementManagement.BaseUserEntitlementTracker`1[RoR2.LocalUser].UserHasEntitlement
[Debug  :RoR2BepInExPack] Hook added by assembly:  for: RoR2.EntitlementManagement.BaseUserEntitlementTracker`1[RoR2.LocalUser].UserHasEntitlement
[Debug  :RoR2BepInExPack] Hook added by assembly: RoR2BepInExPack.dll for: RoR2.EntitlementManagement.BaseUserEntitlementTracker`1[RoR2.NetworkUser].UserHasEntitlement
[Debug  :RoR2BepInExPack] Hook added by assembly:  for: RoR2.EntitlementManagement.BaseUserEntitlementTracker`1[RoR2.NetworkUser].UserHasEntitlement
[Debug  :RoR2BepInExPack] Hook added by assembly: RoR2BepInExPack.dll for: RoR2.HealthComponent.TakeDamage
[Debug  :RoR2BepInExPack] Hook added by assembly:  for: RoR2.HealthComponent.TakeDamage
[Debug  :RoR2BepInExPack] Hook added by assembly: RoR2BepInExPack.dll for: RoR2.HealthComponent.TakeDamage
[Debug  :RoR2BepInExPack] Hook added by assembly:  for: RoR2.HealthComponent.TakeDamage
[Debug  :RoR2BepInExPack] Hook added by assembly: RoR2BepInExPack.dll for: RoR2.Run.Start
[Debug  :RoR2BepInExPack] Hook added by assembly:  for: RoR2.Run.Start
[Debug  :RoR2BepInExPack] Hook added by assembly: RoR2BepInExPack.dll for: RoR2.CharacterBody.RemoveOldestTimedBuff
[Debug  :RoR2BepInExPack] Hook added by assembly:  for: RoR2.CharacterBody.RemoveOldestTimedBuff
[Debug  :RoR2BepInExPack] Hook added by assembly: RoR2BepInExPack.dll for: RoR2.Items.ContagiousItemManager.StepInventoryInfection
[Debug  :RoR2BepInExPack] Hook added by assembly:  for: RoR2.Items.ContagiousItemManager.StepInventoryInfection
[Debug  :RoR2BepInExPack] Hook added by assembly: RoR2BepInExPack.dll for: RoR2.Run.GenerateStageRNG
[Info   :   BepInEx] TS Manifest: RiskofThunder-R2API_ArtifactCode-1.0.1
[Info   :   BepInEx] Loading [R2API.ArtifactCode 1.0.1]
[Info   :   BepInEx] TS Manifest: RiskofThunder-R2API_CommandHelper-1.0.1
[Info   :   BepInEx] Loading [R2API.CommandHelper 1.0.1]
[Info   :   BepInEx] TS Manifest: RiskofThunder-R2API_ContentManagement-1.0.4
[Info   :   BepInEx] Loading [R2API.ContentManagement 1.0.4]
[Info   :   BepInEx] TS Manifest: RiskofThunder-R2API_DamageType-1.0.4
[Info   :   BepInEx] Loading [R2API.DamageType 1.0.4]
[Info   :   BepInEx] TS Manifest: RiskofThunder-R2API_Deployable-1.0.1
[Info   :   BepInEx] Loading [R2API.Deployable 1.0.1]
[Info   :   BepInEx] TS Manifest: RiskofThunder-R2API_Difficulty-1.1.2
[Info   :   BepInEx] Loading [R2API.Difficulty 1.1.2]
[Debug  :RoR2BepInExPack] Hook added by assembly: R2API.Difficulty.dll for: RoR2.DifficultyCatalog.GetDifficultyDef
[Debug  :RoR2BepInExPack] Hook added by assembly: R2API.Difficulty.dll for: RoR2.RuleDef.FromDifficulty
[Info   :   BepInEx] TS Manifest: RiskofThunder-R2API_Director-2.1.0
[Info   :   BepInEx] Loading [R2API.Director 2.1.0]
[Debug  :RoR2BepInExPack] Hook added by assembly: R2API.Director.dll for: RoR2.ClassicStageInfo.Start
[Debug  :RoR2BepInExPack] Hook added by assembly: R2API.Director.dll for: RoR2.ClassicStageInfo.HandleMixEnemyArtifact
[Debug  :RoR2BepInExPack] Hook added by assembly:  for: RoR2.ClassicStageInfo.HandleMixEnemyArtifact
[Debug  :RoR2BepInExPack] Hook added by assembly: R2API.Director.dll for: RoR2.SceneCatalog.Init
[Info   :   BepInEx] TS Manifest: RiskofThunder-R2API_Dot-1.0.1
[Info   :   BepInEx] Loading [R2API.Dot 1.0.1]
[Info   :   BepInEx] TS Manifest: RiskofThunder-R2API_Elites-1.0.3
[Info   :   BepInEx] Loading [R2API.Elites 1.0.3]
[Debug  :R2API.Elites] EliteAPI.cctor finished.
[Debug  :RoR2BepInExPack] Hook added by assembly: R2API.Elites.dll for: RoR2.CombatDirector.Init
[Debug  :RoR2BepInExPack] Hook added by assembly:  for: RoR2.CombatDirector.Init
[Debug  :RoR2BepInExPack] Hook added by assembly: R2API.Elites.dll for: RoR2.CombatDirector.Init
[Debug  :RoR2BepInExPack] Hook added by assembly: R2API.Elites.dll for: RoR2.CharacterModel.UpdateMaterials
[Debug  :RoR2BepInExPack] Hook added by assembly:  for: RoR2.CharacterModel.UpdateMaterials
[Info   :   BepInEx] TS Manifest: RiskofThunder-R2API_Items-1.0.3
[Info   :   BepInEx] Loading [R2API.Items 1.0.3]
[Info   :   BepInEx] TS Manifest: RiskofThunder-R2API_Language-1.0.1
[Info   :   BepInEx] Loading [R2API.Language 1.0.1]
[Debug  :RoR2BepInExPack] Hook added by assembly: R2API.Language.dll for: RoR2.Language.GetLocalizedStringByToken
[Debug  :RoR2BepInExPack] Hook added by assembly: R2API.Language.dll for: RoR2.Language.TokenIsRegistered
[Info   :   BepInEx] TS Manifest: RiskofThunder-R2API_Skins-1.1.0
[Info   :   BepInEx] Loading [R2API.Skins 1.1.0]
[Debug  :RoR2BepInExPack] Hook added by assembly: R2API.Skins.dll for: RoR2.ModelSkinController.ApplySkin
[Debug  :RoR2BepInExPack] Hook added by assembly: R2API.Skins.dll for: RoR2.EffectComponent.Start
[Debug  :RoR2BepInExPack] Hook added by assembly: R2API.Skins.dll for: RoR2.EffectManager.SpawnEffect
[Debug  :RoR2BepInExPack] Hook added by assembly: R2API.Skins.dll for: RoR2.BulletAttack.FireSingle
[Debug  :RoR2BepInExPack] Hook added by assembly:  for: RoR2.BulletAttack.FireSingle
[Debug  :RoR2BepInExPack] Hook added by assembly: R2API.Skins.dll for: RoR2.EffectManager.SimpleMuzzleFlash
[Debug  :RoR2BepInExPack] Hook added by assembly:  for: RoR2.EffectManager.SimpleMuzzleFlash
[Debug  :RoR2BepInExPack] Hook added by assembly: R2API.Skins.dll for: EntityStates.BasicMeleeAttack.BeginMeleeAttackEffect
[Debug  :RoR2BepInExPack] Hook added by assembly: R2API.Skins.dll for: RoR2.Orbs.GenericDamageOrb.Begin
[Debug  :RoR2BepInExPack] Hook added by assembly:  for: RoR2.Orbs.GenericDamageOrb.Begin
[Info   :   BepInEx] TS Manifest: RiskofThunder-R2API_Loadout-1.0.2
[Info   :   BepInEx] Loading [R2API.Loadout 1.0.2]
[Info   :   BepInEx] TS Manifest: RiskofThunder-R2API_LobbyConfig-1.0.1
[Info   :   BepInEx] Loading [R2API.LobbyConfig 1.0.1]
[Info   :   BepInEx] TS Manifest: RiskofThunder-R2API_Networking-1.0.2
[Info   :   BepInEx] Loading [R2API.Networking 1.0.2]
[Info   :   BepInEx] TS Manifest: RiskofThunder-R2API_Orb-1.0.1
[Info   :   BepInEx] Loading [R2API.Orb 1.0.1]
[Info   :   BepInEx] TS Manifest: RiskofThunder-R2API_Prefab-1.0.3
[Info   :   BepInEx] Loading [R2API.Prefab 1.0.3]
[Info   :   BepInEx] TS Manifest: RiskofThunder-R2API_RecalculateStats-1.3.0
[Info   :   BepInEx] Loading [R2API.RecalculateStats 1.3.0]
[Info   :   BepInEx] TS Manifest: RiskofThunder-R2API_SceneAsset-1.1.1
[Info   :   BepInEx] Loading [R2API.SceneAsset 1.1.1]
[Info   :   BepInEx] TS Manifest: RiskofThunder-R2API_Sound-1.0.2
[Info   :   BepInEx] Loading [R2API.Sound 1.0.2]
[Debug  :RoR2BepInExPack] Hook added by assembly: R2API.Sound.dll for: AkWwiseInitializationSettings.InitializeSoundEngine
[Debug  :RoR2BepInExPack] Hook added by assembly: R2API.Sound.dll for: AkWwiseInitializationSettings.InitializeSoundEngine
[Debug  :RoR2BepInExPack] Hook added by assembly: R2API.Sound.dll for: RoR2.MusicController.Start
[Debug  :RoR2BepInExPack] Hook added by assembly: R2API.Sound.dll for: RoR2.MusicController.UpdateState
[Debug  :RoR2BepInExPack] Hook added by assembly: R2API.Sound.dll for: RoR2.MusicController.LateUpdate
[Debug  :RoR2BepInExPack] Hook added by assembly:  for: RoR2.MusicController.LateUpdate
[Info   :   BepInEx] TS Manifest: RiskofThunder-R2API_TempVisualEffect-1.0.2
[Info   :   BepInEx] Loading [R2API.TempVisualEffect 1.0.2]
[Info   :   BepInEx] TS Manifest: RiskofThunder-R2API_Unlockable-1.0.2
[Info   :   BepInEx] Loading [R2API.Unlockable 1.0.2]
[Info   :   BepInEx] TS Manifest: RiskofThunder-R2API_Core-5.0.11
[Info   :   BepInEx] Loading [R2API 5.0.11]
[Debug  :RoR2BepInExPack] Hook added by assembly: R2API.Core.dll for: RoR2.RoR2Application.Awake
[Info   :   BepInEx] TS Manifest: RiskofThunder-R2API_Addressables-1.0.3
[Info   :   BepInEx] Loading [R2API.Addressables 1.0.3]
[Info   :   BepInEx] TS Manifest: Dragonyck-Tracer-1.6.1
[Info   :   BepInEx] Loading [Tracer 1.6.1]
[Debug  :RoR2BepInExPack] Hook added by assembly: R2API.ContentManagement.dll for: RoR2.ContentManagement.ContentManager.SetContentPacks
[Info   :R2API.ContentManagement] Created a SerializableContentPack for mod com.Dragonyck.Tracer
[Info   :R2API.ContentManagement] Assembly Tracer is adding an TracerStopwatchItem (RoR2.ItemDef) via ContentAddition.AddItemDef()The assembly should ideally add them via ItemAPI so that they can use ItemAPI's IDRS systems, adding anyways.
[Debug  :RoR2BepInExPack] Hook added by assembly: R2API.Prefab.dll for: RoR2.Util.IsPrefab
[Debug  :RoR2BepInExPack] Hook added by assembly: R2API.Prefab.dll for: RoR2.Networking.NetworkManagerSystem.OnStartClient
[Warning:R2API.ContentManagement] Effect TracerTracer (UnityEngine.GameObject) has no VFXAttributes component! is this intentional?
[Debug  :RoR2BepInExPack] Hook added by assembly: R2API.Skins.dll for: RoR2.SkinDef.Awake
[Debug  :RoR2BepInExPack] Hook removed by assembly: R2API.Skins.dll for: RoR2.SkinDef.Awake
[Debug  :RoR2BepInExPack] Hook added by assembly: R2API.Skins.dll for: RoR2.SkinDef.Awake
[Debug  :RoR2BepInExPack] Hook removed by assembly: R2API.Skins.dll for: RoR2.SkinDef.Awake
[Debug  :RoR2BepInExPack] Hook added by assembly: R2API.Skins.dll for: RoR2.SkinDef.Awake
[Debug  :RoR2BepInExPack] Hook removed by assembly: R2API.Skins.dll for: RoR2.SkinDef.Awake
[Debug  :RoR2BepInExPack] Hook added by assembly: R2API.Skins.dll for: RoR2.SkinDef.Awake
[Debug  :RoR2BepInExPack] Hook removed by assembly: R2API.Skins.dll for: RoR2.SkinDef.Awake
[Debug  :RoR2BepInExPack] Hook added by assembly: R2API.Skins.dll for: RoR2.SkinDef.Awake
[Debug  :RoR2BepInExPack] Hook removed by assembly: R2API.Skins.dll for: RoR2.SkinDef.Awake
[Info   :   BepInEx] TS Manifest: DrBibop-VRAPI-1.1.1
[Info   :   BepInEx] Loading [VRAPI 1.1.0]
[Info   :   BepInEx] TS Manifest: JavAngle-OrographicGambitBaseMod-1.0.1
[Info   :   BepInEx] Loading [OrographicGambitBaseMod 1.0.0]
[Debug  :RoR2BepInExPack] Hook added by assembly: OrographicGambitBaseMod.dll for: EntityStates.SerializableEntityStateType.set_stateType
[Debug  :RoR2BepInExPack] Hook added by assembly: OrographicGambitBaseMod.dll for: EntityStates.SerializableEntityStateType.set_typeName
[Debug  :RoR2BepInExPack] Hook added by assembly: R2API.DamageType.dll for: RoR2.NetworkExtensions.Write
[Debug  :RoR2BepInExPack] Hook added by assembly: R2API.DamageType.dll for: RoR2.NetworkExtensions.ReadDamageInfo
[Debug  :RoR2BepInExPack] Hook added by assembly: R2API.DamageType.dll for: RoR2.BulletAttack.DefaultHitCallbackImplementation
[Debug  :RoR2BepInExPack] Hook added by assembly:  for: RoR2.BulletAttack.DefaultHitCallbackImplementation
[Debug  :RoR2BepInExPack] Hook added by assembly: R2API.DamageType.dll for: RoR2.Orbs.DamageOrb.OnArrival
[Debug  :RoR2BepInExPack] Hook added by assembly:  for: RoR2.Orbs.DamageOrb.OnArrival
[Debug  :RoR2BepInExPack] Hook added by assembly: R2API.DamageType.dll for: RoR2.Orbs.GenericDamageOrb.OnArrival
[Debug  :RoR2BepInExPack] Hook added by assembly:  for: RoR2.Orbs.GenericDamageOrb.OnArrival
[Debug  :RoR2BepInExPack] Hook added by assembly: R2API.DamageType.dll for: RoR2.Orbs.LightningOrb.OnArrival
[Debug  :RoR2BepInExPack] Hook added by assembly:  for: RoR2.Orbs.LightningOrb.OnArrival
[Debug  :RoR2BepInExPack] Hook added by assembly: R2API.DamageType.dll for: RoR2.Orbs.ChainGunOrb.OnArrival
[Debug  :RoR2BepInExPack] Hook added by assembly:  for: RoR2.Orbs.ChainGunOrb.OnArrival
[Debug  :RoR2BepInExPack] Hook added by assembly: R2API.DamageType.dll for: RoR2.Projectile.DeathProjectile.FixedUpdate
[Debug  :RoR2BepInExPack] Hook added by assembly:  for: RoR2.Projectile.DeathProjectile.FixedUpdate
[Debug  :RoR2BepInExPack] Hook added by assembly: R2API.DamageType.dll for: RoR2.Projectile.ProjectileDotZone.ResetOverlap
[Debug  :RoR2BepInExPack] Hook added by assembly:  for: RoR2.Projectile.ProjectileDotZone.ResetOverlap
[Debug  :RoR2BepInExPack] Hook added by assembly: R2API.DamageType.dll for: RoR2.Projectile.ProjectileExplosion.DetonateServer
[Debug  :RoR2BepInExPack] Hook added by assembly:  for: RoR2.Projectile.ProjectileExplosion.DetonateServer
[Debug  :RoR2BepInExPack] Hook added by assembly: R2API.DamageType.dll for: RoR2.Projectile.ProjectileGrantOnKillOnDestroy.OnDestroy
[Debug  :RoR2BepInExPack] Hook added by assembly:  for: RoR2.Projectile.ProjectileGrantOnKillOnDestroy.OnDestroy
[Debug  :RoR2BepInExPack] Hook added by assembly: R2API.DamageType.dll for: RoR2.Projectile.ProjectileIntervalOverlapAttack.FixedUpdate
[Debug  :RoR2BepInExPack] Hook added by assembly:  for: RoR2.Projectile.ProjectileIntervalOverlapAttack.FixedUpdate
[Debug  :RoR2BepInExPack] Hook added by assembly: R2API.DamageType.dll for: RoR2.Projectile.ProjectileOverlapAttack.Start
[Debug  :RoR2BepInExPack] Hook added by assembly:  for: RoR2.Projectile.ProjectileOverlapAttack.Start
[Debug  :RoR2BepInExPack] Hook added by assembly: R2API.DamageType.dll for: RoR2.Projectile.ProjectileOverlapAttack.ResetOverlapAttack
[Debug  :RoR2BepInExPack] Hook added by assembly:  for: RoR2.Projectile.ProjectileOverlapAttack.ResetOverlapAttack
[Debug  :RoR2BepInExPack] Hook added by assembly: R2API.DamageType.dll for: RoR2.Projectile.ProjectileProximityBeamController.UpdateServer
[Debug  :RoR2BepInExPack] Hook added by assembly:  for: RoR2.Projectile.ProjectileProximityBeamController.UpdateServer
[Debug  :RoR2BepInExPack] Hook added by assembly: R2API.DamageType.dll for: RoR2.Projectile.ProjectileSingleTargetImpact.OnProjectileImpact
[Debug  :RoR2BepInExPack] Hook added by assembly:  for: RoR2.Projectile.ProjectileSingleTargetImpact.OnProjectileImpact
[Debug  :RoR2BepInExPack] Hook added by assembly: R2API.DamageType.dll for: RoR2.DotController.EvaluateDotStacksForType
[Debug  :RoR2BepInExPack] Hook added by assembly:  for: RoR2.DotController.EvaluateDotStacksForType
[Debug  :RoR2BepInExPack] Hook added by assembly: R2API.DamageType.dll for: RoR2.DotController.AddPendingDamageEntry
[Debug  :RoR2BepInExPack] Hook added by assembly:  for: RoR2.DotController.AddPendingDamageEntry
[Debug  :RoR2BepInExPack] Hook added by assembly: R2API.DamageType.dll for: RoR2.BlastAttack.HandleHits
[Debug  :RoR2BepInExPack] Hook added by assembly:  for: RoR2.BlastAttack.HandleHits
[Debug  :RoR2BepInExPack] Hook added by assembly: R2API.DamageType.dll for: RoR2.BlastAttack.PerformDamageServer
[Debug  :RoR2BepInExPack] Hook added by assembly:  for: RoR2.BlastAttack.PerformDamageServer
[Debug  :RoR2BepInExPack] Hook added by assembly: R2API.DamageType.dll for: RoR2.BlastAttack+BlastAttackDamageInfo.Write
[Debug  :RoR2BepInExPack] Hook added by assembly: R2API.DamageType.dll for: RoR2.BlastAttack+BlastAttackDamageInfo.Read
[Debug  :RoR2BepInExPack] Hook added by assembly: R2API.DamageType.dll for: RoR2.OverlapAttack.ProcessHits
[Debug  :RoR2BepInExPack] Hook added by assembly:  for: RoR2.OverlapAttack.ProcessHits
[Debug  :RoR2BepInExPack] Hook added by assembly: R2API.DamageType.dll for: RoR2.OverlapAttack.PerformDamage
[Debug  :RoR2BepInExPack] Hook added by assembly:  for: RoR2.OverlapAttack.PerformDamage
[Debug  :RoR2BepInExPack] Hook added by assembly: R2API.DamageType.dll for: RoR2.OverlapAttack+OverlapAttackMessage.Serialize
[Debug  :RoR2BepInExPack] Hook added by assembly: R2API.DamageType.dll for: RoR2.OverlapAttack+OverlapAttackMessage.Deserialize
[Debug  :RoR2BepInExPack] Hook added by assembly: R2API.DamageType.dll for: RoR2.GlobalEventManager.OnHitAll
[Debug  :RoR2BepInExPack] Hook added by assembly:  for: RoR2.GlobalEventManager.OnHitAll
[Debug  :RoR2BepInExPack] Hook added by assembly: R2API.DamageType.dll for: RoR2.HealthComponent.SendDamageDealt
[Debug  :RoR2BepInExPack] Hook added by assembly:  for: RoR2.HealthComponent.SendDamageDealt
[Debug  :RoR2BepInExPack] Hook added by assembly: R2API.DamageType.dll for: RoR2.DamageDealtMessage.Serialize
[Debug  :RoR2BepInExPack] Hook added by assembly: R2API.DamageType.dll for: RoR2.DamageDealtMessage.Deserialize
[Debug  :RoR2BepInExPack] Hook added by assembly: R2API.DamageType.dll for: RoR2.ContactDamage.FireOverlaps
[Debug  :RoR2BepInExPack] Hook added by assembly:  for: RoR2.ContactDamage.FireOverlaps
[Debug  :RoR2BepInExPack] Hook added by assembly: R2API.DamageType.dll for: RoR2.DelayBlast.Detonate
[Debug  :RoR2BepInExPack] Hook added by assembly:  for: RoR2.DelayBlast.Detonate
[Debug  :RoR2BepInExPack] Hook added by assembly: OrographicGambitBaseMod.dll for: RoR2.CharacterBody.RecalculateStats
[Debug  :RoR2BepInExPack] Hook added by assembly: OrographicGambitBaseMod.dll for: RoR2.CharacterBody.OnBuffFinalStackLost
[Debug  :RoR2BepInExPack] Hook added by assembly: OrographicGambitBaseMod.dll for: RoR2.AudioManager+VolumeConVar.SetString
[Debug  :RoR2BepInExPack] Hook added by assembly: OrographicGambitBaseMod.dll for: RoR2.HealthComponent.TakeDamage
[Info   :   BepInEx] TS Manifest: JavAngle-TheHouse-2.1.0
[Info   :   BepInEx] Loading [HouseMod 2.1.0]
[Debug  :RoR2BepInExPack] Hook added by assembly: HouseMod.dll for: EntityStates.SerializableEntityStateType.set_stateType
[Debug  :RoR2BepInExPack] Hook added by assembly: HouseMod.dll for: EntityStates.SerializableEntityStateType.set_typeName
[Info   :R2API.ContentManagement] Created a SerializableContentPack for mod com.JavAngle.HouseMod
[Debug  :RoR2BepInExPack] Hook added by assembly: HouseMod.dll for: RoR2.AchievementManager.CollectAchievementDefs
[Debug  :RoR2BepInExPack] Hook added by assembly:  for: RoR2.AchievementManager.CollectAchievementDefs
[Debug  :RoR2BepInExPack] Hook added by assembly: HouseMod.dll for: RoR2.UnlockableCatalog.Init
[Debug  :RoR2BepInExPack] Hook added by assembly:  for: RoR2.UnlockableCatalog.Init
[Debug  :RoR2BepInExPack] Hook added by assembly: HouseMod.dll for: RoR2.SkinDef.Awake
[Debug  :RoR2BepInExPack] Hook removed by assembly: HouseMod.dll for: RoR2.SkinDef.Awake
[Debug  :RoR2BepInExPack] Hook added by assembly: HouseMod.dll for: RoR2.CharacterBody.RecalculateStats
[Debug  :RoR2BepInExPack] Hook added by assembly: HouseMod.dll for: RoR2.UI.HUD.Awake
[Debug  :RoR2BepInExPack] Hook added by assembly: HouseMod.dll for: RoR2.UI.HUD.Awake
[Debug  :RoR2BepInExPack] Hook added by assembly: HouseMod.dll for: RoR2.UI.HUD.Awake
[Debug  :RoR2BepInExPack] Hook added by assembly: HouseMod.dll for: RoR2.UI.CharacterSelectController.UpdateSurvivorInfoPanel
[Debug  :RoR2BepInExPack] Hook added by assembly: HouseMod.dll for: RoR2.UI.CharacterSelectController.RebuildLocal
[Debug  :RoR2BepInExPack] Hook added by assembly: HouseMod.dll for: RoR2.UI.CharacterSelectController.OnEnable
[Debug  :RoR2BepInExPack] Hook added by assembly: HouseMod.dll for: RoR2.HealthComponent.TakeDamage
[Debug  :RoR2BepInExPack] Hook added by assembly:  for: RoR2.HealthComponent.TakeDamage
[Info   :   BepInEx] TS Manifest: KingEnderBrine-ProperSave-2.9.0
[Info   :   BepInEx] Loading [Proper Save 2.9.0]
[Info   :   BepInEx] TS Manifest: kinggrinyov-KingModUtilities-1.8.1
[Info   :   BepInEx] Loading [KingModUtilities 1.8.1]
[Debug  :RoR2BepInExPack] Hook added by assembly: KingModUtilities.dll for: RoR2.EquipmentSlot.PerformEquipmentAction
[Debug  :RoR2BepInExPack] Hook added by assembly: KingModUtilities.dll for: RoR2.UI.CharacterSelectController.OnEnable
[Debug  :RoR2BepInExPack] Hook added by assembly: KingModUtilities.dll for: RoR2.UI.HGHeaderNavigationController.LateUpdate
[Debug  :RoR2BepInExPack] Hook added by assembly: KingModUtilities.dll for: RoR2.UI.CharacterSelectController.Awake
[Debug  :RoR2BepInExPack] Hook added by assembly: KingModUtilities.dll for: RoR2.SurvivorMannequins.SurvivorMannequinDioramaController.OnEnable
[Debug  :RoR2BepInExPack] Hook added by assembly: KingModUtilities.dll for: RoR2.Stage.Start
[Debug  :RoR2BepInExPack] Hook added by assembly: KingModUtilities.dll for: RoR2.TeamManager.SetTeamExperience
[Debug  :RoR2BepInExPack] Hook added by assembly: KingModUtilities.dll for: RoR2.Artifacts.DoppelgangerInvasionManager.PerformInvasion
[Debug  :RoR2BepInExPack] Hook added by assembly: KingModUtilities.dll for: RoR2.DeathRewards.OnKilledServer
[Debug  :RoR2BepInExPack] Hook added by assembly: KingModUtilities.dll for: RoR2.GlobalEventManager.OnHitEnemy
[Debug  :RoR2BepInExPack] Hook added by assembly: KingModUtilities.dll for: RoR2.UI.CharacterSelectController.RebuildLocal
[Debug  :RoR2BepInExPack] Hook added by assembly: KingModUtilities.dll for: RoR2.UI.LoadoutPanelController.Rebuild
[Debug  :RoR2BepInExPack] Hook added by assembly: KingModUtilities.dll for: RoR2.UI.MainMenu.BaseMainMenuScreen.OnEnter
[Debug  :RoR2BepInExPack] Hook added by assembly: KingModUtilities.dll for: RoR2.MusicController.Start
[Debug  :RoR2BepInExPack] Hook added by assembly: KingModUtilities.dll for: RoR2.MusicController.LateUpdate
[Debug  :RoR2BepInExPack] Hook added by assembly: KingModUtilities.dll for: RoR2.Networking.NetworkManagerSystem.OnClientSceneChanged
[Debug  :RoR2BepInExPack] Hook added by assembly: KingModUtilities.dll for: RoR2.MusicController.LateUpdate
[Debug  :RoR2BepInExPack] Hook added by assembly: KingModUtilities.dll for: RoR2.CharacterAI.BaseAI.EvaluateSingleSkillDriver
[Debug  :RoR2BepInExPack] Hook added by assembly: KingModUtilities.dll for: RoR2.SkillLocator.ApplyAmmoPack
[Debug  :RoR2BepInExPack] Hook added by assembly: KingModUtilities.dll for: RoR2.UI.HealthBar.Start
[Info   :   BepInEx] TS Manifest: kinggrinyov-Goku-2.12.0
[Info   :   BepInEx] Loading [GokuMod 2.12.0]
[Debug  :RoR2BepInExPack] Hook added by assembly: KingModUtilities.dll for: RoR2.UI.CharacterSelectController.ClientSetReady
[Debug  :RoR2BepInExPack] Hook added by assembly: KingModUtilities.dll for: RoR2.UI.CharacterSelectController.OnDisable
[Debug  :RoR2BepInExPack] Hook added by assembly: KingModUtilities.dll for: RoR2.UI.MainMenu.BaseMainMenuScreen.OnEnter
[Debug  :RoR2BepInExPack] Hook added by assembly: KingModUtilities.dll for: RoR2.UI.PauseScreenController.OnDisable
[Debug  :RoR2BepInExPack] Hook added by assembly: KingModUtilities.dll for: RoR2.UI.PauseScreenController.OnEnable
[Debug  :RoR2BepInExPack] Hook added by assembly: KingModUtilities.dll for: RoR2.HealthComponent.TakeDamage
[Debug  :RoR2BepInExPack] Hook added by assembly: KingModUtilities.dll for: RoR2.HealthComponent.TakeDamageForce
[Debug  :RoR2BepInExPack] Hook added by assembly: KingModUtilities.dll for: RoR2.HealthComponent.TakeDamageForce
[Debug  :RoR2BepInExPack] Hook added by assembly: KingModUtilities.dll for: RoR2.CharacterBody.OnDeathStart
[Debug  :RoR2BepInExPack] Hook added by assembly: KingModUtilities.dll for: EntityStates.GenericCharacterMain.ProcessJump
[Debug  :RoR2BepInExPack] Hook added by assembly: KingModUtilities.dll for: RoR2.CharacterDeathBehavior.OnDeath
[Debug  :RoR2BepInExPack] Hook added by assembly: KingModUtilities.dll for: EntityStates.GenericCharacterMain.PerformInputs
[Debug  :RoR2BepInExPack] Hook added by assembly: KingModUtilities.dll for: RoR2.CharacterBody.OnSkillActivated
[Info   :R2API.ContentManagement] Created a SerializableContentPack for mod com.Kingpinush.KingModUtilities
[Info   :R2API.ContentManagement] Created a SerializableContentPack for mod com.Kingpinush.GokuMod
[Warning:R2API.ContentManagement] Cannot add EntityStates.SerializableEntityStateType to content pack com.Kingpinush.KingModUtilities because the asset has already been added to it's corresponding array!
[Info   :   BepInEx] TS Manifest: EnforcerGang-SniperClassic-1.5.5
[Info   :   BepInEx] Loading [Sniper Classic 1.5.1]
[Info   :R2API.ContentManagement] Created a SerializableContentPack for mod com.Moffein.SniperClassic
[Debug  :RoR2BepInExPack] Hook added by assembly: SniperClassic.dll for: RoR2.SkinDef.Awake
[Debug  :RoR2BepInExPack] Hook removed by assembly: SniperClassic.dll for: RoR2.SkinDef.Awake
[Debug  :RoR2BepInExPack] Hook added by assembly: SniperClassic.dll for: RoR2.SkinDef.Awake
[Debug  :RoR2BepInExPack] Hook removed by assembly: SniperClassic.dll for: RoR2.SkinDef.Awake
[Debug  :RoR2BepInExPack] Hook added by assembly: SniperClassic.dll for: RoR2.SkinDef.Awake
[Debug  :RoR2BepInExPack] Hook removed by assembly: SniperClassic.dll for: RoR2.SkinDef.Awake
[Debug  :RoR2BepInExPack] Hook added by assembly: SniperClassic.dll for: RoR2.SkinDef.Awake
[Debug  :RoR2BepInExPack] Hook removed by assembly: SniperClassic.dll for: RoR2.SkinDef.Awake
[Debug  :RoR2BepInExPack] Hook added by assembly: SniperClassic.dll for: RoR2.Language.SetFolders
[Debug  :RoR2BepInExPack] Hook added by assembly: R2API.RecalculateStats.dll for: RoR2.CharacterBody.RecalculateStats
[Debug  :RoR2BepInExPack] Hook added by assembly:  for: RoR2.CharacterBody.RecalculateStats
[Debug  :RoR2BepInExPack] Hook added by assembly: SniperClassic.dll for: RoR2.GlobalEventManager.OnHitEnemy
[Debug  :RoR2BepInExPack] Hook added by assembly: SniperClassic.dll for: RoR2.HealthComponent.TakeDamage
[Debug  :RoR2BepInExPack] Hook added by assembly: SniperClassic.dll for: EntityStates.GlobalSkills.LunarNeedle.FireLunarNeedle.OnEnter
[Debug  :RoR2BepInExPack] Hook added by assembly: SniperClassic.dll for: RoR2.CharacterAI.BaseAI.FindEnemyHurtBox
[Debug  :RoR2BepInExPack] Hook added by assembly: SniperClassic.dll for: RoR2.CharacterAI.BaseAI.OnBodyDamaged
[Debug  :RoR2BepInExPack] Hook added by assembly: SniperClassic.dll for: RoR2.CharacterModel.UpdateOverlays
[Debug  :RoR2BepInExPack] Hook added by assembly:  for: RoR2.CharacterModel.UpdateOverlays
[Debug  :RoR2BepInExPack] Hook added by assembly: SniperClassic.dll for: RoR2.NetworkUIPromptController.OnControlBegin
[Debug  :RoR2BepInExPack] Hook added by assembly: SniperClassic.dll for: RoR2.NetworkUIPromptController.OnControlEnd
[Info   :   BepInEx] TS Manifest: XoXFaby-BetterUI-2.8.4
[Info   :   BepInEx] Loading [BetterUI 2.8.4]
[Debug  :RoR2BepInExPack] Hook added by assembly: BetterUnityPlugin.dll for: RoR2.UI.ItemInventoryDisplay.OnInventoryChanged
[Debug  :RoR2BepInExPack] Hook added by assembly: BetterUnityPlugin.dll for: RoR2.UI.PickupPickerPanel.SetPickupOptions
[Debug  :RoR2BepInExPack] Hook added by assembly: BetterUnityPlugin.dll for: RoR2.UI.PickupPickerPanel.Awake
[Debug  :RoR2BepInExPack] Hook added by assembly: BetterUnityPlugin.dll for: RoR2.UI.PickupPickerPanel.OnCreateButton
[Debug  :RoR2BepInExPack] Hook added by assembly: BetterUnityPlugin.dll for: RoR2.GlobalEventManager.ClientDamageNotified
[Debug  :RoR2BepInExPack] Hook added by assembly: BetterUnityPlugin.dll for: RoR2.UI.ChatBox.Awake
[Debug  :RoR2BepInExPack] Hook added by assembly: BetterUnityPlugin.dll for: RoR2.UI.BuffIcon.Awake
[Debug  :RoR2BepInExPack] Hook added by assembly: BetterUnityPlugin.dll for: RoR2.UI.BuffIcon.UpdateIcon
[Debug  :RoR2BepInExPack] Hook added by assembly: BetterUnityPlugin.dll for: RoR2.UI.LoadoutPanelController+Row.AddButton
[Debug  :RoR2BepInExPack] Hook added by assembly: BetterUnityPlugin.dll for: RoR2.UI.SkillIcon.Update
[Debug  :RoR2BepInExPack] Hook added by assembly: BetterUnityPlugin.dll for: RoR2.CharacterMaster.OnInventoryChanged
[Debug  :RoR2BepInExPack] Hook added by assembly: BetterUnityPlugin.dll for: RoR2.UI.ItemIcon.SetItemIndex
[Debug  :RoR2BepInExPack] Hook added by assembly: BetterUnityPlugin.dll for: RoR2.UI.ItemInventoryDisplay.UpdateDisplay
[Debug  :RoR2BepInExPack] Hook added by assembly: BetterUnityPlugin.dll for: RoR2.UI.EquipmentIcon.Update
[Debug  :RoR2BepInExPack] Hook added by assembly: BetterUnityPlugin.dll for: RoR2.UI.ScoreboardStrip.SetMaster
[Debug  :RoR2BepInExPack] Hook added by assembly: BetterUnityPlugin.dll for: RoR2.UI.ScoreboardStrip.Update
[Debug  :RoR2BepInExPack] Hook added by assembly: BetterUnityPlugin.dll for: RoR2.UI.ContextManager.Awake
[Debug  :RoR2BepInExPack] Hook added by assembly: BetterUnityPlugin.dll for: RoR2.GenericPickupController.GetContextString
[Debug  :RoR2BepInExPack] Hook added by assembly: BetterUnityPlugin.dll for: RoR2.UI.MainMenu.BaseMainMenuScreen.Awake
[Debug  :RoR2BepInExPack] Hook added by assembly: BetterUnityPlugin.dll for: RoR2.UI.LoadoutPanelController+Row.FromSkillSlot
[Debug  :RoR2BepInExPack] Hook added by assembly:  for: RoR2.UI.LoadoutPanelController+Row.FromSkillSlot
[Debug  :RoR2BepInExPack] Hook added by assembly: BetterUnityPlugin.dll for: RoR2.UI.HUD.Awake
[Message:   BepInEx] Chainloader startup complete
[Warning: Unity Log] Network message MsgType.Highest + 22 is unregistered.
[Info   : Unity Log] buildId = 1.2.4.1
[Info   : Unity Log] WwiseUnity: Wwise(R) SDK Version 2019.2.12 Build 7544.
[Info   : Unity Log] WwiseUnity: Setting Plugin DLL path to: D:/Games/ror2-mods/Risk of Rain 2_Data\Plugins\x86_64
[Info   : Unity Log] WwiseUnity: Sound engine initialized successfully.
[Info   :R2API.Sound] Custom sound banks loaded.
[Info   : Unity Log] Active scene changed from  to loadingbasic
[Info   : Unity Log] Loaded scene loadingbasic loadSceneMode=2
[Info   :     R2API] [NetworkCompatibility] Adding to the networkModList : 
[Info   :     R2API] com.Dragonyck.Tracer;1.6.1
[Info   :     R2API] com.JavAngle.HouseMod;2.1.0
[Info   :     R2API] com.JavAngle.OrographicGambitBaseMod;1.0.0
[Info   :     R2API] com.Kingpinush.GokuMod;2.12.0
[Info   :     R2API] com.Kingpinush.KingModUtilities;1.8.1
[Info   :     R2API] com.Moffein.SniperClassic;1.5.1
[Debug  :RoR2BepInExPack] Hook added by assembly: ProperSave.dll for: RoR2.Run.BeginStage
[Debug  :RoR2BepInExPack] Hook added by assembly: ProperSave.dll for: RoR2.Run.GenerateStageRNG
[Debug  :RoR2BepInExPack] Hook added by assembly: ProperSave.dll for: RoR2.QuitConfirmationHelper.IssueQuitCommand
[Debug  :RoR2BepInExPack] Hook added by assembly:  for: RoR2.QuitConfirmationHelper.IssueQuitCommand
[Debug  :RoR2BepInExPack] Hook added by assembly: ProperSave.dll for: RoR2.Run.Start
[Debug  :RoR2BepInExPack] Hook added by assembly:  for: RoR2.Run.Start
[Debug  :RoR2BepInExPack] Hook added by assembly: ProperSave.dll for: RoR2.TeamManager.Start
[Debug  :RoR2BepInExPack] Hook added by assembly: ProperSave.dll for: RoR2.UI.CharacterSelectController.Awake
[Info   : Unity Log] application data path isD:/Games/ror2-mods/Risk of Rain 2_Data
[Info   :   Console] Facepunch.Steamworks Unity: WindowsPlayer
[Info   :   Console] Facepunch.Steamworks Os: Windows
[Info   :   Console] Facepunch.Steamworks Arch: x64
[Info   : Unity Log] PlatformSystems:InitNetworkManagerSystem
[Debug  :RoR2BepInExPack] Not scanning R2API.Utils.EmbeddedResources for ConVars due to it containing delegate pointer field(s)
[Info   : Unity Log] Launch Parameters: 
  arg[0]="D:\Games\ror2-mods\Risk of Rain 2.exe"

[Info   : Unity Log] "usesocialiconflag" is not a recognized ConCommand or ConVar.
[Info   : Unity Log] Loaded archived convars.
[Info   : Unity Log] Could not load config /Config/autoexec.cfg: Could not find file "D:\Games\ror2-mods\Risk of Rain 2_Data\Config\autoexec.cfg"
[Info   :R2API.ContentManagement] Generating a total of 5 ContentPacks...
[Info   : Unity Log] LoadContentPacks() start
[Warning: Unity Log] Failed to assign Buffs.Deafened: Asset "bdDeafened" not found.
[Warning: Unity Log] Failed to assign Items.SummonedEcho: Asset "SummonedEcho" not found.
[Warning: Unity Log] Failed to assign Equipment.AffixEcho: Asset "EliteEchoEquipment" not found.
[Warning: Unity Log] Failed to assign Buffs.AffixEcho: Asset "bdEliteEcho" not found.
[Warning: Unity Log] Failed to assign Elites.Echo: Asset "edEcho" not found.
[Debug  :R2API.ContentManagement] Content added from com.Moffein.SniperClassic:
ClassicSniperDefaultTracer (GameObject)
mdlSpotter (GameObject)
MoffeinSniperClassicHeavyBullet (GameObject)
MoffeinSniperClassicHeavyBulletHeadshot (GameObject)
SniperClassicBody (GameObject)
SniperClassicMonsterMaster (GameObject)
SniperClassicNeedleRifleProjectile (GameObject)
SniperClassicNeedleRifleProjectileHeadshot (GameObject)
SniperClassic_SmokeDotZone (GameObject)
SniperClassic_SmokeGhost (GameObject)
SniperClassic_SmokeGrenade (GameObject)
SNIPERCLASSIC_CHARACTERUNLOCKABLE_REWARD_ID (UnlockableDef)
SNIPERCLASSIC_GRANDMASTERYUNLOCKABLE_REWARD_ID (UnlockableDef)
SNIPERCLASSIC_MASTERYUNLOCKABLE_REWARD_ID (UnlockableDef)
[Debug  :R2API.ContentManagement] Content added from com.Kingpinush.GokuMod:
KiBlastProjectile (GameObject)
SpiritbombProjectile (GameObject)
[Debug  :R2API.ContentManagement] Content added from com.Kingpinush.KingModUtilities:
GokuBody (GameObject)
GokuBodySurvivorMonsterMaster (GameObject)
KiBlastProjectile (GameObject)
SpiritbombProjectile (GameObject)
GokuBody (GameObject)
GokuBodySurvivorMonsterMaster (GameObject)
Goku_Display (GameObject)
 (CharacterModSkillDef)
 (CharacterModSkillDef)
 (CharacterModSkillDef)
 (CharacterModSkillDef)
 (CharacterModSkillDef)
 (CharacterModSkillDef)
 (CharacterModSkillDef)
 (CharacterModSkillDef)
 (CharacterModSkillDef)
 (CharacterModSkillDef)
 (CharacterModSkillDef)
 (CharacterModSkillDef)
 (CharacterModSkillDef)
 (CharacterModSkillDef)
 (CharacterModSkillDef)
 (CharacterModSkillDef)
 (CharacterModSkillDef)
GokuPrimarySkillFamily (SkillFamily)
GokuSecondarySkillFamily (SkillFamily)
GokuSpecialSkillFamily (SkillFamily)
GokuUniqueSkillFamily (SkillFamily)
GokuUtilitySkillFamily (SkillFamily)
Goku (SurvivorDef)
NS_Goku.AngryKamehamehaSkill (RuntimeType)
NS_Goku.BlackKamehamehaSkill (RuntimeType)
NS_Goku.DragonFistSkill (RuntimeType)
NS_Goku.DuoFinalKamehamehaSkill_Goku (RuntimeType)
NS_Goku.GodBindSkill (RuntimeType)
NS_Goku.GodFistKamehamehaSkill (RuntimeType)
NS_Goku.GodlyDisplaySkill (RuntimeType)
NS_Goku.GokuKichargeSkill (RuntimeType)
NS_Goku.GokuMeleeStrikeSkill (RuntimeType)
NS_Goku.InstantTransmissionSkill (RuntimeType)
NS_Goku.KamehamehaSkill (RuntimeType)
NS_Goku.KamehamehaX10Skill (RuntimeType)
NS_Goku.KiBlastBarrageSkill (RuntimeType)
NS_Goku.KiblastSkill (RuntimeType)
NS_Goku.MeteorCrashSkill (RuntimeType)
NS_Goku.SpiritbombSkill (RuntimeType)
NS_Goku.TripleKickSkill (RuntimeType)
NS_Goku.WhiteDragonFistSkill (RuntimeType)
NS_KingModUtilities.BaseBeamFireSkillState (RuntimeType)
NS_KingModUtilities.BetterStunState (RuntimeType)
NS_KingModUtilities.CharacterMainState (RuntimeType)
NS_KingModUtilities.CharacterModSpawnState (RuntimeType)
NS_KingModUtilities.DuoRequestSkill (RuntimeType)
NS_KingModUtilities.FlightState (RuntimeType)
NS_KingModUtilities.TransformationCutsceneState (RuntimeType)
[Debug  :R2API.ContentManagement] Content added from com.JavAngle.HouseMod:
HouseDisplayPrefab (GameObject)
HouseExplosiveShot (GameObject)
HouseMonsterMaster (GameObject)
HouseNegativeCardMissle (GameObject)
HousePositiveCardMissle (GameObject)
JavangleHouse (GameObject)
[Debug  :R2API.ContentManagement] Content added from com.Dragonyck.Tracer:
TracerBody (GameObject)
TracerMaster (GameObject)
TracerMinePrefab (GameObject)
TracerMinePrefabAlt (GameObject)
CommandoGrenadeGhost (GameObject)
TracerBody (GameObject)
TracerDisplay (GameObject)
TracerMaster (GameObject)
TracerMinePrefab (GameObject)
TracerMinePrefabAlt (GameObject)
TracerPulseBombAltGhost (GameObject)
 (SkillDef)
 (SkillDef)
 (SkillDef)
 (SkillDef)
 (SkillDef)
 (SkillDef)
 (SkillDef)
 (SkillFamily)
 (SkillFamily)
 (SkillFamily)
 (SkillFamily)
TracerStopwatchItem (ItemDef)
ACHIEVEMENT_TRACER_CHARACTER_UNLOCKABLE_ID (UnlockableDef)
ACHIEVEMENT_TRACER_MASTERY_UNLOCKABLE_ID (UnlockableDef)
ACHIEVEMENT_TRACER_SPECIAL_UNLOCKABLE_ID (UnlockableDef)
TRACER_NAME (SurvivorDef)
TracerPulseHitEffect (EffectDef)
TracerPulseMuzzleFlash (EffectDef)
TracerTracer (EffectDef)
Tracer.Blink (RuntimeType)
Tracer.ChronoTriggers (RuntimeType)
Tracer.Detonate (RuntimeType)
Tracer.PartingGift (RuntimeType)
Tracer.PulseBomb (RuntimeType)
Tracer.PulsePistols (RuntimeType)
Tracer.QuantumSpike (RuntimeType)
Tracer.Recall (RuntimeType)
[Info   : Unity Log] LoadContentPacks() end
[Error  :R2API.ContentManagement] The exact same asset mdlSpotter (UnityEngine.GameObject) is being added by two different content packs : com.Moffein.SniperClassic and SniperClassic.content
[Warning: Unity Log] Could not find scene with name "loadingbasic".
[Warning: Unity Log] Could not find scene with name "intro".
[Info   : Unity Log] Command "set_scene" failed: "intro" is not a valid scene.
[Info   : Unity Log] Game content load completed in 14120ms.
[Info   : Unity Log] Setting current language to "en"
[Error  : Unity Log] [RoR2.ItemCatalog] Unable to register BuffInfo for Deafened
[Info   : Unity Log] [RoR2.Loadout+BodyLoadoutManager] Tried to add duplicate node /Loadout/Bodies/GokuBody/GokuPrimarySkillFamily.
[Info   : Unity Log] [RoR2.Loadout+BodyLoadoutManager] Tried to add duplicate node /Loadout/Bodies/GokuBody/GokuSecondarySkillFamily.
[Info   : Unity Log] [RoR2.Loadout+BodyLoadoutManager] Tried to add duplicate node /Loadout/Bodies/GokuBody/GokuUtilitySkillFamily.
[Info   : Unity Log] [RoR2.Loadout+BodyLoadoutManager] Tried to add duplicate node /Loadout/Bodies/GokuBody/GokuSpecialSkillFamily.
[Info   : Unity Log] [RoR2.Loadout+BodyLoadoutManager] Tried to add duplicate node /Loadout/Bodies/GokuBody/GokuUniqueSkillFamily.
[Info   : Unity Log] [RoR2.Loadout+BodyLoadoutManager] Tried to add duplicate node /Loadout/Bodies/GokuBody/GokuUniqueSkillFamily.
[Info   : Unity Log] [RoR2.Loadout+BodyLoadoutManager] Tried to add duplicate node /Loadout/Bodies/GokuBody/GokuUniqueSkillFamily.
[Info   : Unity Log] [RoR2.Loadout+BodyLoadoutManager] Tried to add duplicate node /Loadout/Bodies/GokuBody/GokuUniqueSkillFamily.
[Info   : Unity Log] [RoR2.Loadout+BodyLoadoutManager] Tried to add duplicate node /Loadout/Bodies/GokuBody/GokuUniqueSkillFamily.
[Info   : Unity Log] [RoR2.Loadout+BodyLoadoutManager] Tried to add duplicate node /Loadout/Bodies/GokuBody/GokuUniqueSkillFamily.
[Info   : Unity Log] [RoR2.Loadout+BodyLoadoutManager] Tried to add duplicate node /Loadout/Bodies/GokuBody/GokuUniqueSkillFamily.
[Info   : Unity Log] [RoR2.Loadout+BodyLoadoutManager] Tried to add duplicate node /Loadout/Bodies/GokuBody/GokuUniqueSkillFamily.
[Info   : Unity Log] [RoR2.Loadout+BodyLoadoutManager] Tried to add duplicate node /Loadout/Bodies/JavangleHouse/.
[Info   : Unity Log] [RoR2.Loadout+BodyLoadoutManager] Tried to add duplicate node /Loadout/Bodies/JavangleHouse/JavangleHousePrimaryFamily.
[Info   : Unity Log] [RoR2.Loadout+BodyLoadoutManager] Tried to add duplicate node /Loadout/Bodies/JavangleHouse/JavangleHouseSecondaryFamily.
[Info   : Unity Log] [RoR2.Loadout+BodyLoadoutManager] Tried to add duplicate node /Loadout/Bodies/JavangleHouse/JavangleHouseUtilityFamily.
[Info   : Unity Log] [RoR2.Loadout+BodyLoadoutManager] Tried to add duplicate node /Loadout/Bodies/SniperClassicBody/Skins/SNIPERCLASSIC_MASTERY_SKIN_NAME
[Info   : Unity Log] [RoR2.Loadout+BodyLoadoutManager] Tried to add duplicate node /Loadout/Bodies/TracerBody/.
[Info   : Unity Log] [RoR2.Loadout+BodyLoadoutManager] Tried to add duplicate node /Loadout/Bodies/TracerBody/.
[Info   : Unity Log] [RoR2.Loadout+BodyLoadoutManager] Tried to add duplicate node /Loadout/Bodies/TracerBody/.
[Info   : Unity Log] [RoR2.Loadout+BodyLoadoutManager] Tried to add duplicate node /Loadout/Bodies/TracerBody/.
[Info   : Unity Log] [RoR2.Loadout+BodyLoadoutManager] Tried to add duplicate node /Loadout/Bodies/TracerBody/.
[Info   : Unity Log] [RoR2.Stats.StatSheet] init stat sheet
[Info   : Unity Log] SystemInitializerAttribute infinite loop detected. currentMethod=R2API.ContentManagement.CatalogBlockersBlockNetworkedPrefabs
[Info   : Unity Log] initializer dependencies = RoR2.Networking.NetworkManagerSystem
[Info   : Unity Log] initialized types = RoR2.ArtifactCatalog,
RoR2.BackstabManager,
RoR2.BackstabManager+BackstabVisualizer,
RoR2.BadClientEntityStateMachineFix,
RoR2.BodyCatalog,
RoR2.BuffCatalog,
RoR2.BulletAttack,
RoR2.CostTypeCatalog,
RoR2.GameEndingCatalog,
RoR2.EffectCatalog,
RoR2.EliteCatalog,
RoR2.EntityStateCatalog,
RoR2.EquipmentCatalog,
RoR2.FileIoIndicatorManager,
RoR2.CombatDirector,
RoR2.DebugOverlay,
RoR2.DotController,
RoR2.GenericPickupController,
RoR2.NetworkUIPromptController,
RoR2.PickupDropletController,
RoR2.RayAttackIndicator,
RoR2.RunArtifactManager,
RoR2.TeamComponent,
RoR2.ItemTierCatalog,
RoR2.MasterCatalog,
RoR2.MiscPickupCatalog,
RoR2.MorgueManager,
RoR2.MusicTrackCatalog,
RoR2.ProjectileCatalog,
RoR2.SceneCatalog,
RoR2.SkinCatalog,
RoR2.SurfaceDefCatalog,
RoR2.SurvivorCatalog,
RoR2.GamepadVibration.GamepadVibrationController,
RoR2.GamepadVibration.GamepadVibrationManager,
RoR2.Skills.SkillCatalog,
RoR2.CharacterSpeech.BrotherSpeechDriver,
RoR2.ExpansionManagement.ExpansionCatalog,
RoR2.EntitlementManagement.EntitlementCatalog,
RoR2.EntitlementManagement.EntitlementManager,
RoR2.UI.EnemyInfoPanel,
RoR2.UI.UILayerKey,
RoR2.UI.MainMenu.MainMenuController,
RoR2.UI.MainMenu.SignupMainMenuScreen,
RoR2.Audio.NetworkSoundEventCatalog,
RoR2.Artifacts.BombArtifactManager,
RoR2.Artifacts.CommandArtifactManager,
RoR2.Artifacts.DoppelgangerInvasionManager,
RoR2.Artifacts.EnigmaArtifactManager,
RoR2.Artifacts.FriendlyFireArtifactManager,
RoR2.Artifacts.SacrificeArtifactManager,
RoR2.Artifacts.SwarmsArtifactManager,
RoR2.Artifacts.TeamDeathArtifactManager,
R2API.ContentManagement.CatalogBlockers,
R2API.AddressableDCCSPool,
R2API.AddressableDirectorCardCategorySelection,
R2API.SkinIDRS,
R2API.SkinVFX,
RoR2.ArtifactMask,
RoR2.ItemCatalog,
RoR2.Loadout,
RoR2.Loadout+BodyLoadoutManager,
RoR2.PickupCatalog,
RoR2.PickupTransmutationManager,
RoR2.ProjectileGhostReplacementManager,
RoR2.RuleCatalog,
RoR2.SerializableLoadout,
RoR2.UnlockableCatalog,
RoR2.Stats.StatDef,
RoR2.Stats.StatManager,
RoR2.Stats.StatSheet,
RoR2.Items.BaseItemBodyBehavior,
RoR2.Items.ContagiousItemManager,
RoR2.Items.CrippleWardOnLevelManager,
RoR2.Items.ExtraLifeVoidManager,
RoR2.Items.SuppressedItemManager,
RoR2.Items.UseAmbientLevelManager,
RoR2.Items.WardOnLevelManager,
RoR2.Artifacts.MonsterTeamGainsItemsArtifactManager,
RoR2.NetworkExtensions,
RoR2.AchievementManager,
RoR2.CostTypeCatalog+LunarItemOrEquipmentCostTypeHelper,
RoR2.CharacterSpawnCard,
RoR2.ItemDisplayRuleSet,
RoR2.PreGameRuleVoteController,
RoR2.ShrineCleanseBehavior,
RoR2.GameModeCatalog,
RoR2.GoldTitanManager,
RoR2.RuleBook,
RoR2.RunReport,
RoR2.SteamworksLobbyDataGenerator,
RoR2.UI.LogBook.LogBookController,
RoR2.EOSLobbyDataGenerator
[Info   : Unity Log] Attempting to load user profile /UserProfiles/f2395fbc-2ac7-440c-bc86-15bec05cb0b3 (1).xml
[Info   : Unity Log] stream.Length=241993
[Info   : Unity Log] Unloaded scene loadingbasic
[Info   : Unity Log] Active scene changed from  to splash
[Info   : Unity Log] Loaded scene splash loadSceneMode=Single
[Info   : Unity Log] in save archive convars
[Info   : Unity Log] Shutting down Steamworks...
[Info   : Unity Log] Shut down Steamworks.
[Debug  :RoR2BepInExPack] Hook added by assembly:  for: RoR2.Run.Start
[Debug  :RoR2BepInExPack] Hook added by assembly:  for: RoR2.HealthComponent.TakeDamage
[Debug  :RoR2BepInExPack] Hook added by assembly:  for: RoR2.HealthComponent.TakeDamage
[Debug  :RoR2BepInExPack] Hook removed by assembly: R2API.Difficulty.dll for: RoR2.DifficultyCatalog.GetDifficultyDef
[Debug  :RoR2BepInExPack] Hook removed by assembly: R2API.Difficulty.dll for: RoR2.RuleDef.FromDifficulty
[Debug  :RoR2BepInExPack] Hook removed by assembly: R2API.Director.dll for: RoR2.ClassicStageInfo.Start
[Debug  :RoR2BepInExPack] Hook removed by assembly: R2API.Director.dll for: RoR2.SceneCatalog.Init
[Debug  :RoR2BepInExPack] Hook removed by assembly: R2API.Language.dll for: RoR2.Language.GetLocalizedStringByToken
[Debug  :RoR2BepInExPack] Hook removed by assembly: R2API.Language.dll for: RoR2.Language.TokenIsRegistered
[Debug  :RoR2BepInExPack] Hook removed by assembly: R2API.Skins.dll for: RoR2.ModelSkinController.ApplySkin
[Debug  :RoR2BepInExPack] Hook removed by assembly: R2API.Skins.dll for: RoR2.EffectComponent.Start
[Debug  :RoR2BepInExPack] Hook removed by assembly: R2API.Skins.dll 